<?xml version="1.0" encoding="UTF-8"?>
<testsuite xmlns:xsi="http://www.w3.org/2001/XMLSchema-instance" xsi:noNamespaceSchemaLocation="https://maven.apache.org/surefire/maven-surefire-plugin/xsd/surefire-test-report.xsd" name="belajar.test.junit.test.RandomCalculatorTest" time="0.665" tests="21" errors="0" skipped="0" failures="0">
  <properties>
[...]
</properties>
  <testcase name="testWithMethodSource{Integer}[1]" classname="belajar.test.junit.test.RandomCalculatorTest" time="0.092"/>
  <testcase name="testWithMethodSource{Integer}[2]" classname="belajar.test.junit.test.RandomCalculatorTest" time="0.004"/>
  <testcase name="testWithMethodSource{Integer}[3]" classname="belajar.test.junit.test.RandomCalculatorTest" time="0.003"/>
  <testcase name="testWithMethodSource{Integer}[4]" classname="belajar.test.junit.test.RandomCalculatorTest" time="0.006"/>
  <testcase name="testWithMethodSource{Integer}[5]" classname="belajar.test.junit.test.RandomCalculatorTest" time="0.004"/>
  <testcase name="testRandomRepeated{Random, TestInfo, RepetitionInfo}[1]" classname="belajar.test.junit.test.RandomCalculatorTest" time="0.063"/>
  <testcase name="testRandomRepeated{Random, TestInfo, RepetitionInfo}[2]" classname="belajar.test.junit.test.RandomCalculatorTest" time="0.05"/>
  <testcase name="testRandomRepeated{Random, TestInfo, RepetitionInfo}[3]" classname="belajar.test.junit.test.RandomCalculatorTest" time="0.056"/>
  <testcase name="testRandomRepeated{Random, TestInfo, RepetitionInfo}[4]" classname="belajar.test.junit.test.RandomCalculatorTest" time="0.013"/>
  <testcase name="testRandomRepeated{Random, TestInfo, RepetitionInfo}[5]" classname="belajar.test.junit.test.RandomCalculatorTest" time="0.006"/>
  <testcase name="testRandomRepeated{Random, TestInfo, RepetitionInfo}[6]" classname="belajar.test.junit.test.RandomCalculatorTest" time="0.084"/>
  <testcase name="testRandomRepeated{Random, TestInfo, RepetitionInfo}[7]" classname="belajar.test.junit.test.RandomCalculatorTest" time="0.076"/>
  <testcase name="testRandomRepeated{Random, TestInfo, RepetitionInfo}[8]" classname="belajar.test.junit.test.RandomCalculatorTest" time="0.037"/>
  <testcase name="testRandomRepeated{Random, TestInfo, RepetitionInfo}[9]" classname="belajar.test.junit.test.RandomCalculatorTest" time="0.011"/>
  <testcase name="testRandomRepeated{Random, TestInfo, RepetitionInfo}[10]" classname="belajar.test.junit.test.RandomCalculatorTest" time="0.03"/>
  <testcase name="testWithParameter{int}[1]" classname="belajar.test.junit.test.RandomCalculatorTest" time="0.007"/>
  <testcase name="testWithParameter{int}[2]" classname="belajar.test.junit.test.RandomCalculatorTest" time="0.015"/>
  <testcase name="testWithParameter{int}[3]" classname="belajar.test.junit.test.RandomCalculatorTest" time="0.003"/>
  <testcase name="testWithParameter{int}[4]" classname="belajar.test.junit.test.RandomCalculatorTest" time="0.002"/>
  <testcase name="testWithParameter{int}[5]" classname="belajar.test.junit.test.RandomCalculatorTest" time="0.002"/>
  <testcase name="testRandom{Random}" classname="belajar.test.junit.test.RandomCalculatorTest" time="0.007"/>
</testsuite>